[2025-09-22 21:36:32] local.ERROR: Please provide a valid cache path. {"exception":"[object] (InvalidArgumentException(code: 0): Please provide a valid cache path. at C:\\Users\\faker\\Documents\\py\\laravel-master\\vendor\\laravel\\framework\\src\\Illuminate\\View\\Compilers\\Compiler.php:36)
[stacktrace]
#0 C:\\Users\\faker\\Documents\\py\\laravel-master\\vendor\\laravel\\framework\\src\\Illuminate\\View\\ViewServiceProvider.php(88): Illuminate\\View\\Compilers\\Compiler->__construct()
#1 C:\\Users\\faker\\Documents\\py\\laravel-master\\vendor\\laravel\\framework\\src\\Illuminate\\Container\\Container.php(873): Illuminate\\View\\ViewServiceProvider->{closure:Illuminate\\View\\ViewServiceProvider::registerBladeCompiler():87}()
#2 C:\\Users\\faker\\Documents\\py\\laravel-master\\vendor\\laravel\\framework\\src\\Illuminate\\Container\\Container.php(758): Illuminate\\Container\\Container->build()
#3 C:\\Users\\faker\\Documents\\py\\laravel-master\\vendor\\laravel\\framework\\src\\Illuminate\\Foundation\\Application.php(853): Illuminate\\Container\\Container->resolve()
#4 C:\\Users\\faker\\Documents\\py\\laravel-master\\vendor\\laravel\\framework\\src\\Illuminate\\Container\\Container.php(694): Illuminate\\Foundation\\Application->resolve()
#5 C:\\Users\\faker\\Documents\\py\\laravel-master\\vendor\\laravel\\framework\\src\\Illuminate\\Foundation\\Application.php(838): Illuminate\\Container\\Container->make()
#6 C:\\Users\\faker\\Documents\\py\\laravel-master\\vendor\\laravel\\framework\\src\\Illuminate\\Container\\Container.php(1419): Illuminate\\Foundation\\Application->make()
#7 C:\\Users\\faker\\Documents\\py\\laravel-master\\vendor\\laravel\\framework\\src\\Illuminate\\View\\ViewServiceProvider.php(150): Illuminate\\Container\\Container->offsetGet()
#8 [internal function]: Illuminate\\View\\ViewServiceProvider->{closure:Illuminate\\View\\ViewServiceProvider::registerBladeEngine():149}()
#9 C:\\Users\\faker\\Documents\\py\\laravel-master\\vendor\\laravel\\framework\\src\\Illuminate\\View\\Engines\\EngineResolver.php(55): call_user_func()
#10 C:\\Users\\faker\\Documents\\py\\laravel-master\\vendor\\facade\\ignition\\src\\IgnitionServiceProvider.php(467): Illuminate\\View\\Engines\\EngineResolver->resolve()
#11 C:\\Users\\faker\\Documents\\py\\laravel-master\\vendor\\facade\\ignition\\src\\IgnitionServiceProvider.php(158): Facade\\Ignition\\IgnitionServiceProvider->hasCustomViewEnginesRegistered()
#12 C:\\Users\\faker\\Documents\\py\\laravel-master\\vendor\\facade\\ignition\\src\\IgnitionServiceProvider.php(101): Facade\\Ignition\\IgnitionServiceProvider->registerViewEngines()
#13 C:\\Users\\faker\\Documents\\py\\laravel-master\\vendor\\laravel\\framework\\src\\Illuminate\\Container\\BoundMethod.php(36): Facade\\Ignition\\IgnitionServiceProvider->boot()
#14 C:\\Users\\faker\\Documents\\py\\laravel-master\\vendor\\laravel\\framework\\src\\Illuminate\\Container\\Util.php(40): Illuminate\\Container\\BoundMethod::{closure:Illuminate\\Container\\BoundMethod::call():35}()
#15 C:\\Users\\faker\\Documents\\py\\laravel-master\\vendor\\laravel\\framework\\src\\Illuminate\\Container\\BoundMethod.php(93): Illuminate\\Container\\Util::unwrapIfClosure()
#16 C:\\Users\\faker\\Documents\\py\\laravel-master\\vendor\\laravel\\framework\\src\\Illuminate\\Container\\BoundMethod.php(35): Illuminate\\Container\\BoundMethod::callBoundMethod()
#17 C:\\Users\\faker\\Documents\\py\\laravel-master\\vendor\\laravel\\framework\\src\\Illuminate\\Container\\Container.php(653): Illuminate\\Container\\BoundMethod::call()
#18 C:\\Users\\faker\\Documents\\py\\laravel-master\\vendor\\laravel\\framework\\src\\Illuminate\\Foundation\\Application.php(926): Illuminate\\Container\\Container->call()
#19 C:\\Users\\faker\\Documents\\py\\laravel-master\\vendor\\laravel\\framework\\src\\Illuminate\\Foundation\\Application.php(907): Illuminate\\Foundation\\Application->bootProvider()
#20 [internal function]: Illuminate\\Foundation\\Application->{closure:Illuminate\\Foundation\\Application::boot():906}()
#21 C:\\Users\\faker\\Documents\\py\\laravel-master\\vendor\\laravel\\framework\\src\\Illuminate\\Foundation\\Application.php(906): array_walk()
#22 C:\\Users\\faker\\Documents\\py\\laravel-master\\vendor\\laravel\\framework\\src\\Illuminate\\Foundation\\Bootstrap\\BootProviders.php(17): Illuminate\\Foundation\\Application->boot()
#23 C:\\Users\\faker\\Documents\\py\\laravel-master\\vendor\\laravel\\framework\\src\\Illuminate\\Foundation\\Application.php(237): Illuminate\\Foundation\\Bootstrap\\BootProviders->bootstrap()
#24 C:\\Users\\faker\\Documents\\py\\laravel-master\\vendor\\laravel\\framework\\src\\Illuminate\\Foundation\\Console\\Kernel.php(310): Illuminate\\Foundation\\Application->bootstrapWith()
#25 C:\\Users\\faker\\Documents\\py\\laravel-master\\vendor\\laravel\\framework\\src\\Illuminate\\Foundation\\Console\\Kernel.php(127): Illuminate\\Foundation\\Console\\Kernel->bootstrap()
#26 C:\\Users\\faker\\Documents\\py\\laravel-master\\artisan(35): Illuminate\\Foundation\\Console\\Kernel->handle()
#27 {main}
"} 
[2025-09-22 21:40:39] local.ERROR: array_merge(): Argument #2 must be of type array, int given {"exception":"[object] (TypeError(code: 0): array_merge(): Argument #2 must be of type array, int given at C:\\Users\\faker\\Documents\\py\\laravel-master\\vendor\\laravel\\framework\\src\\Illuminate\\Foundation\\ProviderRepository.php:95)
[stacktrace]
#0 C:\\Users\\faker\\Documents\\py\\laravel-master\\vendor\\laravel\\framework\\src\\Illuminate\\Foundation\\ProviderRepository.php(95): array_merge()
#1 C:\\Users\\faker\\Documents\\py\\laravel-master\\vendor\\laravel\\framework\\src\\Illuminate\\Foundation\\ProviderRepository.php(55): Illuminate\\Foundation\\ProviderRepository->loadManifest()
#2 C:\\Users\\faker\\Documents\\py\\laravel-master\\vendor\\laravel\\framework\\src\\Illuminate\\Foundation\\Application.php(661): Illuminate\\Foundation\\ProviderRepository->load()
#3 C:\\Users\\faker\\Documents\\py\\laravel-master\\vendor\\laravel\\framework\\src\\Illuminate\\Foundation\\Bootstrap\\RegisterProviders.php(17): Illuminate\\Foundation\\Application->registerConfiguredProviders()
#4 C:\\Users\\faker\\Documents\\py\\laravel-master\\vendor\\laravel\\framework\\src\\Illuminate\\Foundation\\Application.php(237): Illuminate\\Foundation\\Bootstrap\\RegisterProviders->bootstrap()
#5 C:\\Users\\faker\\Documents\\py\\laravel-master\\vendor\\laravel\\framework\\src\\Illuminate\\Foundation\\Console\\Kernel.php(310): Illuminate\\Foundation\\Application->bootstrapWith()
#6 C:\\Users\\faker\\Documents\\py\\laravel-master\\vendor\\laravel\\framework\\src\\Illuminate\\Foundation\\Console\\Kernel.php(127): Illuminate\\Foundation\\Console\\Kernel->bootstrap()
#7 C:\\Users\\faker\\Documents\\py\\laravel-master\\artisan(35): Illuminate\\Foundation\\Console\\Kernel->handle()
#8 {main}
"} 
[2025-09-22 21:40:40] local.ERROR: array_merge(): Argument #2 must be of type array, int given {"exception":"[object] (TypeError(code: 0): array_merge(): Argument #2 must be of type array, int given at C:\\Users\\faker\\Documents\\py\\laravel-master\\vendor\\laravel\\framework\\src\\Illuminate\\Foundation\\ProviderRepository.php:95)
[stacktrace]
#0 C:\\Users\\faker\\Documents\\py\\laravel-master\\vendor\\laravel\\framework\\src\\Illuminate\\Foundation\\ProviderRepository.php(95): array_merge()
#1 C:\\Users\\faker\\Documents\\py\\laravel-master\\vendor\\laravel\\framework\\src\\Illuminate\\Foundation\\ProviderRepository.php(55): Illuminate\\Foundation\\ProviderRepository->loadManifest()
#2 C:\\Users\\faker\\Documents\\py\\laravel-master\\vendor\\laravel\\framework\\src\\Illuminate\\Foundation\\Application.php(661): Illuminate\\Foundation\\ProviderRepository->load()
#3 C:\\Users\\faker\\Documents\\py\\laravel-master\\vendor\\laravel\\framework\\src\\Illuminate\\Foundation\\Bootstrap\\RegisterProviders.php(17): Illuminate\\Foundation\\Application->registerConfiguredProviders()
#4 C:\\Users\\faker\\Documents\\py\\laravel-master\\vendor\\laravel\\framework\\src\\Illuminate\\Foundation\\Application.php(237): Illuminate\\Foundation\\Bootstrap\\RegisterProviders->bootstrap()
#5 C:\\Users\\faker\\Documents\\py\\laravel-master\\vendor\\laravel\\framework\\src\\Illuminate\\Foundation\\Console\\Kernel.php(310): Illuminate\\Foundation\\Application->bootstrapWith()
#6 C:\\Users\\faker\\Documents\\py\\laravel-master\\vendor\\laravel\\framework\\src\\Illuminate\\Foundation\\Console\\Kernel.php(127): Illuminate\\Foundation\\Console\\Kernel->bootstrap()
#7 C:\\Users\\faker\\Documents\\py\\laravel-master\\artisan(35): Illuminate\\Foundation\\Console\\Kernel->handle()
#8 {main}
"} 
[2025-09-22 21:40:40] local.ERROR: array_merge(): Argument #2 must be of type array, int given {"exception":"[object] (TypeError(code: 0): array_merge(): Argument #2 must be of type array, int given at C:\\Users\\faker\\Documents\\py\\laravel-master\\vendor\\laravel\\framework\\src\\Illuminate\\Foundation\\ProviderRepository.php:95)
[stacktrace]
#0 C:\\Users\\faker\\Documents\\py\\laravel-master\\vendor\\laravel\\framework\\src\\Illuminate\\Foundation\\ProviderRepository.php(95): array_merge()
#1 C:\\Users\\faker\\Documents\\py\\laravel-master\\vendor\\laravel\\framework\\src\\Illuminate\\Foundation\\ProviderRepository.php(55): Illuminate\\Foundation\\ProviderRepository->loadManifest()
#2 C:\\Users\\faker\\Documents\\py\\laravel-master\\vendor\\laravel\\framework\\src\\Illuminate\\Foundation\\Application.php(661): Illuminate\\Foundation\\ProviderRepository->load()
#3 C:\\Users\\faker\\Documents\\py\\laravel-master\\vendor\\laravel\\framework\\src\\Illuminate\\Foundation\\Bootstrap\\RegisterProviders.php(17): Illuminate\\Foundation\\Application->registerConfiguredProviders()
#4 C:\\Users\\faker\\Documents\\py\\laravel-master\\vendor\\laravel\\framework\\src\\Illuminate\\Foundation\\Application.php(237): Illuminate\\Foundation\\Bootstrap\\RegisterProviders->bootstrap()
#5 C:\\Users\\faker\\Documents\\py\\laravel-master\\vendor\\laravel\\framework\\src\\Illuminate\\Foundation\\Console\\Kernel.php(310): Illuminate\\Foundation\\Application->bootstrapWith()
#6 C:\\Users\\faker\\Documents\\py\\laravel-master\\vendor\\laravel\\framework\\src\\Illuminate\\Foundation\\Console\\Kernel.php(127): Illuminate\\Foundation\\Console\\Kernel->bootstrap()
#7 C:\\Users\\faker\\Documents\\py\\laravel-master\\artisan(35): Illuminate\\Foundation\\Console\\Kernel->handle()
#8 {main}
"} 
[2025-09-22 21:40:40] local.ERROR: array_merge(): Argument #2 must be of type array, int given {"exception":"[object] (TypeError(code: 0): array_merge(): Argument #2 must be of type array, int given at C:\\Users\\faker\\Documents\\py\\laravel-master\\vendor\\laravel\\framework\\src\\Illuminate\\Foundation\\ProviderRepository.php:95)
[stacktrace]
#0 C:\\Users\\faker\\Documents\\py\\laravel-master\\vendor\\laravel\\framework\\src\\Illuminate\\Foundation\\ProviderRepository.php(95): array_merge()
#1 C:\\Users\\faker\\Documents\\py\\laravel-master\\vendor\\laravel\\framework\\src\\Illuminate\\Foundation\\ProviderRepository.php(55): Illuminate\\Foundation\\ProviderRepository->loadManifest()
#2 C:\\Users\\faker\\Documents\\py\\laravel-master\\vendor\\laravel\\framework\\src\\Illuminate\\Foundation\\Application.php(661): Illuminate\\Foundation\\ProviderRepository->load()
#3 C:\\Users\\faker\\Documents\\py\\laravel-master\\vendor\\laravel\\framework\\src\\Illuminate\\Foundation\\Bootstrap\\RegisterProviders.php(17): Illuminate\\Foundation\\Application->registerConfiguredProviders()
#4 C:\\Users\\faker\\Documents\\py\\laravel-master\\vendor\\laravel\\framework\\src\\Illuminate\\Foundation\\Application.php(237): Illuminate\\Foundation\\Bootstrap\\RegisterProviders->bootstrap()
#5 C:\\Users\\faker\\Documents\\py\\laravel-master\\vendor\\laravel\\framework\\src\\Illuminate\\Foundation\\Console\\Kernel.php(310): Illuminate\\Foundation\\Application->bootstrapWith()
#6 C:\\Users\\faker\\Documents\\py\\laravel-master\\vendor\\laravel\\framework\\src\\Illuminate\\Foundation\\Console\\Kernel.php(127): Illuminate\\Foundation\\Console\\Kernel->bootstrap()
#7 C:\\Users\\faker\\Documents\\py\\laravel-master\\artisan(35): Illuminate\\Foundation\\Console\\Kernel->handle()
#8 {main}
"} 
[2025-09-22 21:40:54] local.ERROR: Please provide a valid cache path. {"exception":"[object] (InvalidArgumentException(code: 0): Please provide a valid cache path. at C:\\Users\\faker\\Documents\\py\\laravel-master\\vendor\\laravel\\framework\\src\\Illuminate\\View\\Compilers\\Compiler.php:36)
[stacktrace]
#0 C:\\Users\\faker\\Documents\\py\\laravel-master\\vendor\\laravel\\framework\\src\\Illuminate\\View\\ViewServiceProvider.php(88): Illuminate\\View\\Compilers\\Compiler->__construct()
#1 C:\\Users\\faker\\Documents\\py\\laravel-master\\vendor\\laravel\\framework\\src\\Illuminate\\Container\\Container.php(873): Illuminate\\View\\ViewServiceProvider->{closure:Illuminate\\View\\ViewServiceProvider::registerBladeCompiler():87}()
#2 C:\\Users\\faker\\Documents\\py\\laravel-master\\vendor\\laravel\\framework\\src\\Illuminate\\Container\\Container.php(758): Illuminate\\Container\\Container->build()
#3 C:\\Users\\faker\\Documents\\py\\laravel-master\\vendor\\laravel\\framework\\src\\Illuminate\\Foundation\\Application.php(853): Illuminate\\Container\\Container->resolve()
#4 C:\\Users\\faker\\Documents\\py\\laravel-master\\vendor\\laravel\\framework\\src\\Illuminate\\Container\\Container.php(694): Illuminate\\Foundation\\Application->resolve()
#5 C:\\Users\\faker\\Documents\\py\\laravel-master\\vendor\\laravel\\framework\\src\\Illuminate\\Foundation\\Application.php(838): Illuminate\\Container\\Container->make()
#6 C:\\Users\\faker\\Documents\\py\\laravel-master\\vendor\\laravel\\framework\\src\\Illuminate\\Container\\Container.php(1419): Illuminate\\Foundation\\Application->make()
#7 C:\\Users\\faker\\Documents\\py\\laravel-master\\vendor\\laravel\\framework\\src\\Illuminate\\View\\ViewServiceProvider.php(150): Illuminate\\Container\\Container->offsetGet()
#8 [internal function]: Illuminate\\View\\ViewServiceProvider->{closure:Illuminate\\View\\ViewServiceProvider::registerBladeEngine():149}()
#9 C:\\Users\\faker\\Documents\\py\\laravel-master\\vendor\\laravel\\framework\\src\\Illuminate\\View\\Engines\\EngineResolver.php(55): call_user_func()
#10 C:\\Users\\faker\\Documents\\py\\laravel-master\\vendor\\facade\\ignition\\src\\IgnitionServiceProvider.php(467): Illuminate\\View\\Engines\\EngineResolver->resolve()
#11 C:\\Users\\faker\\Documents\\py\\laravel-master\\vendor\\facade\\ignition\\src\\IgnitionServiceProvider.php(158): Facade\\Ignition\\IgnitionServiceProvider->hasCustomViewEnginesRegistered()
#12 C:\\Users\\faker\\Documents\\py\\laravel-master\\vendor\\facade\\ignition\\src\\IgnitionServiceProvider.php(101): Facade\\Ignition\\IgnitionServiceProvider->registerViewEngines()
#13 C:\\Users\\faker\\Documents\\py\\laravel-master\\vendor\\laravel\\framework\\src\\Illuminate\\Container\\BoundMethod.php(36): Facade\\Ignition\\IgnitionServiceProvider->boot()
#14 C:\\Users\\faker\\Documents\\py\\laravel-master\\vendor\\laravel\\framework\\src\\Illuminate\\Container\\Util.php(40): Illuminate\\Container\\BoundMethod::{closure:Illuminate\\Container\\BoundMethod::call():35}()
#15 C:\\Users\\faker\\Documents\\py\\laravel-master\\vendor\\laravel\\framework\\src\\Illuminate\\Container\\BoundMethod.php(93): Illuminate\\Container\\Util::unwrapIfClosure()
#16 C:\\Users\\faker\\Documents\\py\\laravel-master\\vendor\\laravel\\framework\\src\\Illuminate\\Container\\BoundMethod.php(35): Illuminate\\Container\\BoundMethod::callBoundMethod()
#17 C:\\Users\\faker\\Documents\\py\\laravel-master\\vendor\\laravel\\framework\\src\\Illuminate\\Container\\Container.php(653): Illuminate\\Container\\BoundMethod::call()
#18 C:\\Users\\faker\\Documents\\py\\laravel-master\\vendor\\laravel\\framework\\src\\Illuminate\\Foundation\\Application.php(926): Illuminate\\Container\\Container->call()
#19 C:\\Users\\faker\\Documents\\py\\laravel-master\\vendor\\laravel\\framework\\src\\Illuminate\\Foundation\\Application.php(907): Illuminate\\Foundation\\Application->bootProvider()
#20 [internal function]: Illuminate\\Foundation\\Application->{closure:Illuminate\\Foundation\\Application::boot():906}()
#21 C:\\Users\\faker\\Documents\\py\\laravel-master\\vendor\\laravel\\framework\\src\\Illuminate\\Foundation\\Application.php(906): array_walk()
#22 C:\\Users\\faker\\Documents\\py\\laravel-master\\vendor\\laravel\\framework\\src\\Illuminate\\Foundation\\Bootstrap\\BootProviders.php(17): Illuminate\\Foundation\\Application->boot()
#23 C:\\Users\\faker\\Documents\\py\\laravel-master\\vendor\\laravel\\framework\\src\\Illuminate\\Foundation\\Application.php(237): Illuminate\\Foundation\\Bootstrap\\BootProviders->bootstrap()
#24 C:\\Users\\faker\\Documents\\py\\laravel-master\\vendor\\laravel\\framework\\src\\Illuminate\\Foundation\\Console\\Kernel.php(310): Illuminate\\Foundation\\Application->bootstrapWith()
#25 C:\\Users\\faker\\Documents\\py\\laravel-master\\vendor\\laravel\\framework\\src\\Illuminate\\Foundation\\Console\\Kernel.php(127): Illuminate\\Foundation\\Console\\Kernel->bootstrap()
#26 C:\\Users\\faker\\Documents\\py\\laravel-master\\artisan(35): Illuminate\\Foundation\\Console\\Kernel->handle()
#27 {main}
"} 
[2025-09-22 21:40:55] local.ERROR: Please provide a valid cache path. {"exception":"[object] (InvalidArgumentException(code: 0): Please provide a valid cache path. at C:\\Users\\faker\\Documents\\py\\laravel-master\\vendor\\laravel\\framework\\src\\Illuminate\\View\\Compilers\\Compiler.php:36)
[stacktrace]
#0 C:\\Users\\faker\\Documents\\py\\laravel-master\\vendor\\laravel\\framework\\src\\Illuminate\\View\\ViewServiceProvider.php(88): Illuminate\\View\\Compilers\\Compiler->__construct()
#1 C:\\Users\\faker\\Documents\\py\\laravel-master\\vendor\\laravel\\framework\\src\\Illuminate\\Container\\Container.php(873): Illuminate\\View\\ViewServiceProvider->{closure:Illuminate\\View\\ViewServiceProvider::registerBladeCompiler():87}()
#2 C:\\Users\\faker\\Documents\\py\\laravel-master\\vendor\\laravel\\framework\\src\\Illuminate\\Container\\Container.php(758): Illuminate\\Container\\Container->build()
#3 C:\\Users\\faker\\Documents\\py\\laravel-master\\vendor\\laravel\\framework\\src\\Illuminate\\Foundation\\Application.php(853): Illuminate\\Container\\Container->resolve()
#4 C:\\Users\\faker\\Documents\\py\\laravel-master\\vendor\\laravel\\framework\\src\\Illuminate\\Container\\Container.php(694): Illuminate\\Foundation\\Application->resolve()
#5 C:\\Users\\faker\\Documents\\py\\laravel-master\\vendor\\laravel\\framework\\src\\Illuminate\\Foundation\\Application.php(838): Illuminate\\Container\\Container->make()
#6 C:\\Users\\faker\\Documents\\py\\laravel-master\\vendor\\laravel\\framework\\src\\Illuminate\\Container\\Container.php(1419): Illuminate\\Foundation\\Application->make()
#7 C:\\Users\\faker\\Documents\\py\\laravel-master\\vendor\\laravel\\framework\\src\\Illuminate\\View\\ViewServiceProvider.php(150): Illuminate\\Container\\Container->offsetGet()
#8 [internal function]: Illuminate\\View\\ViewServiceProvider->{closure:Illuminate\\View\\ViewServiceProvider::registerBladeEngine():149}()
#9 C:\\Users\\faker\\Documents\\py\\laravel-master\\vendor\\laravel\\framework\\src\\Illuminate\\View\\Engines\\EngineResolver.php(55): call_user_func()
#10 C:\\Users\\faker\\Documents\\py\\laravel-master\\vendor\\facade\\ignition\\src\\IgnitionServiceProvider.php(467): Illuminate\\View\\Engines\\EngineResolver->resolve()
#11 C:\\Users\\faker\\Documents\\py\\laravel-master\\vendor\\facade\\ignition\\src\\IgnitionServiceProvider.php(158): Facade\\Ignition\\IgnitionServiceProvider->hasCustomViewEnginesRegistered()
#12 C:\\Users\\faker\\Documents\\py\\laravel-master\\vendor\\facade\\ignition\\src\\IgnitionServiceProvider.php(101): Facade\\Ignition\\IgnitionServiceProvider->registerViewEngines()
#13 C:\\Users\\faker\\Documents\\py\\laravel-master\\vendor\\laravel\\framework\\src\\Illuminate\\Container\\BoundMethod.php(36): Facade\\Ignition\\IgnitionServiceProvider->boot()
#14 C:\\Users\\faker\\Documents\\py\\laravel-master\\vendor\\laravel\\framework\\src\\Illuminate\\Container\\Util.php(40): Illuminate\\Container\\BoundMethod::{closure:Illuminate\\Container\\BoundMethod::call():35}()
#15 C:\\Users\\faker\\Documents\\py\\laravel-master\\vendor\\laravel\\framework\\src\\Illuminate\\Container\\BoundMethod.php(93): Illuminate\\Container\\Util::unwrapIfClosure()
#16 C:\\Users\\faker\\Documents\\py\\laravel-master\\vendor\\laravel\\framework\\src\\Illuminate\\Container\\BoundMethod.php(35): Illuminate\\Container\\BoundMethod::callBoundMethod()
#17 C:\\Users\\faker\\Documents\\py\\laravel-master\\vendor\\laravel\\framework\\src\\Illuminate\\Container\\Container.php(653): Illuminate\\Container\\BoundMethod::call()
#18 C:\\Users\\faker\\Documents\\py\\laravel-master\\vendor\\laravel\\framework\\src\\Illuminate\\Foundation\\Application.php(926): Illuminate\\Container\\Container->call()
#19 C:\\Users\\faker\\Documents\\py\\laravel-master\\vendor\\laravel\\framework\\src\\Illuminate\\Foundation\\Application.php(907): Illuminate\\Foundation\\Application->bootProvider()
#20 [internal function]: Illuminate\\Foundation\\Application->{closure:Illuminate\\Foundation\\Application::boot():906}()
#21 C:\\Users\\faker\\Documents\\py\\laravel-master\\vendor\\laravel\\framework\\src\\Illuminate\\Foundation\\Application.php(906): array_walk()
#22 C:\\Users\\faker\\Documents\\py\\laravel-master\\vendor\\laravel\\framework\\src\\Illuminate\\Foundation\\Bootstrap\\BootProviders.php(17): Illuminate\\Foundation\\Application->boot()
#23 C:\\Users\\faker\\Documents\\py\\laravel-master\\vendor\\laravel\\framework\\src\\Illuminate\\Foundation\\Application.php(237): Illuminate\\Foundation\\Bootstrap\\BootProviders->bootstrap()
#24 C:\\Users\\faker\\Documents\\py\\laravel-master\\vendor\\laravel\\framework\\src\\Illuminate\\Foundation\\Console\\Kernel.php(310): Illuminate\\Foundation\\Application->bootstrapWith()
#25 C:\\Users\\faker\\Documents\\py\\laravel-master\\vendor\\laravel\\framework\\src\\Illuminate\\Foundation\\Console\\Kernel.php(127): Illuminate\\Foundation\\Console\\Kernel->bootstrap()
#26 C:\\Users\\faker\\Documents\\py\\laravel-master\\artisan(35): Illuminate\\Foundation\\Console\\Kernel->handle()
#27 {main}
"} 
[2025-09-22 21:44:23] local.ERROR: View path not found. {"exception":"[object] (RuntimeException(code: 0): View path not found. at C:\\Users\\faker\\Documents\\py\\laravel-master\\vendor\\laravel\\framework\\src\\Illuminate\\Foundation\\Console\\ViewClearCommand.php:57)
[stacktrace]
#0 C:\\Users\\faker\\Documents\\py\\laravel-master\\vendor\\laravel\\framework\\src\\Illuminate\\Container\\BoundMethod.php(36): Illuminate\\Foundation\\Console\\ViewClearCommand->handle()
#1 C:\\Users\\faker\\Documents\\py\\laravel-master\\vendor\\laravel\\framework\\src\\Illuminate\\Container\\Util.php(40): Illuminate\\Container\\BoundMethod::{closure:Illuminate\\Container\\BoundMethod::call():35}()
#2 C:\\Users\\faker\\Documents\\py\\laravel-master\\vendor\\laravel\\framework\\src\\Illuminate\\Container\\BoundMethod.php(93): Illuminate\\Container\\Util::unwrapIfClosure()
#3 C:\\Users\\faker\\Documents\\py\\laravel-master\\vendor\\laravel\\framework\\src\\Illuminate\\Container\\BoundMethod.php(35): Illuminate\\Container\\BoundMethod::callBoundMethod()
#4 C:\\Users\\faker\\Documents\\py\\laravel-master\\vendor\\laravel\\framework\\src\\Illuminate\\Container\\Container.php(653): Illuminate\\Container\\BoundMethod::call()
#5 C:\\Users\\faker\\Documents\\py\\laravel-master\\vendor\\laravel\\framework\\src\\Illuminate\\Console\\Command.php(136): Illuminate\\Container\\Container->call()
#6 C:\\Users\\faker\\Documents\\py\\laravel-master\\vendor\\symfony\\console\\Command\\Command.php(298): Illuminate\\Console\\Command->execute()
#7 C:\\Users\\faker\\Documents\\py\\laravel-master\\vendor\\laravel\\framework\\src\\Illuminate\\Console\\Command.php(120): Symfony\\Component\\Console\\Command\\Command->run()
#8 C:\\Users\\faker\\Documents\\py\\laravel-master\\vendor\\symfony\\console\\Application.php(1040): Illuminate\\Console\\Command->run()
#9 C:\\Users\\faker\\Documents\\py\\laravel-master\\vendor\\symfony\\console\\Application.php(301): Symfony\\Component\\Console\\Application->doRunCommand()
#10 C:\\Users\\faker\\Documents\\py\\laravel-master\\vendor\\symfony\\console\\Application.php(171): Symfony\\Component\\Console\\Application->doRun()
#11 C:\\Users\\faker\\Documents\\py\\laravel-master\\vendor\\laravel\\framework\\src\\Illuminate\\Console\\Application.php(94): Symfony\\Component\\Console\\Application->run()
#12 C:\\Users\\faker\\Documents\\py\\laravel-master\\vendor\\laravel\\framework\\src\\Illuminate\\Foundation\\Console\\Kernel.php(129): Illuminate\\Console\\Application->run()
#13 C:\\Users\\faker\\Documents\\py\\laravel-master\\artisan(35): Illuminate\\Foundation\\Console\\Kernel->handle()
#14 {main}
"} 
[2025-09-22 21:44:30] local.ERROR: Please provide a valid cache path. {"exception":"[object] (InvalidArgumentException(code: 0): Please provide a valid cache path. at C:\\Users\\faker\\Documents\\py\\laravel-master\\vendor\\laravel\\framework\\src\\Illuminate\\View\\Compilers\\Compiler.php:36)
[stacktrace]
#0 C:\\Users\\faker\\Documents\\py\\laravel-master\\vendor\\laravel\\framework\\src\\Illuminate\\View\\ViewServiceProvider.php(88): Illuminate\\View\\Compilers\\Compiler->__construct()
#1 C:\\Users\\faker\\Documents\\py\\laravel-master\\vendor\\laravel\\framework\\src\\Illuminate\\Container\\Container.php(873): Illuminate\\View\\ViewServiceProvider->{closure:Illuminate\\View\\ViewServiceProvider::registerBladeCompiler():87}()
#2 C:\\Users\\faker\\Documents\\py\\laravel-master\\vendor\\laravel\\framework\\src\\Illuminate\\Container\\Container.php(758): Illuminate\\Container\\Container->build()
#3 C:\\Users\\faker\\Documents\\py\\laravel-master\\vendor\\laravel\\framework\\src\\Illuminate\\Foundation\\Application.php(853): Illuminate\\Container\\Container->resolve()
#4 C:\\Users\\faker\\Documents\\py\\laravel-master\\vendor\\laravel\\framework\\src\\Illuminate\\Container\\Container.php(694): Illuminate\\Foundation\\Application->resolve()
#5 C:\\Users\\faker\\Documents\\py\\laravel-master\\vendor\\laravel\\framework\\src\\Illuminate\\Foundation\\Application.php(838): Illuminate\\Container\\Container->make()
#6 C:\\Users\\faker\\Documents\\py\\laravel-master\\vendor\\laravel\\framework\\src\\Illuminate\\Container\\Container.php(1419): Illuminate\\Foundation\\Application->make()
#7 C:\\Users\\faker\\Documents\\py\\laravel-master\\vendor\\laravel\\framework\\src\\Illuminate\\View\\ViewServiceProvider.php(150): Illuminate\\Container\\Container->offsetGet()
#8 [internal function]: Illuminate\\View\\ViewServiceProvider->{closure:Illuminate\\View\\ViewServiceProvider::registerBladeEngine():149}()
#9 C:\\Users\\faker\\Documents\\py\\laravel-master\\vendor\\laravel\\framework\\src\\Illuminate\\View\\Engines\\EngineResolver.php(55): call_user_func()
#10 C:\\Users\\faker\\Documents\\py\\laravel-master\\vendor\\facade\\ignition\\src\\IgnitionServiceProvider.php(467): Illuminate\\View\\Engines\\EngineResolver->resolve()
#11 C:\\Users\\faker\\Documents\\py\\laravel-master\\vendor\\facade\\ignition\\src\\IgnitionServiceProvider.php(158): Facade\\Ignition\\IgnitionServiceProvider->hasCustomViewEnginesRegistered()
#12 C:\\Users\\faker\\Documents\\py\\laravel-master\\vendor\\facade\\ignition\\src\\IgnitionServiceProvider.php(101): Facade\\Ignition\\IgnitionServiceProvider->registerViewEngines()
#13 C:\\Users\\faker\\Documents\\py\\laravel-master\\vendor\\laravel\\framework\\src\\Illuminate\\Container\\BoundMethod.php(36): Facade\\Ignition\\IgnitionServiceProvider->boot()
#14 C:\\Users\\faker\\Documents\\py\\laravel-master\\vendor\\laravel\\framework\\src\\Illuminate\\Container\\Util.php(40): Illuminate\\Container\\BoundMethod::{closure:Illuminate\\Container\\BoundMethod::call():35}()
#15 C:\\Users\\faker\\Documents\\py\\laravel-master\\vendor\\laravel\\framework\\src\\Illuminate\\Container\\BoundMethod.php(93): Illuminate\\Container\\Util::unwrapIfClosure()
#16 C:\\Users\\faker\\Documents\\py\\laravel-master\\vendor\\laravel\\framework\\src\\Illuminate\\Container\\BoundMethod.php(35): Illuminate\\Container\\BoundMethod::callBoundMethod()
#17 C:\\Users\\faker\\Documents\\py\\laravel-master\\vendor\\laravel\\framework\\src\\Illuminate\\Container\\Container.php(653): Illuminate\\Container\\BoundMethod::call()
#18 C:\\Users\\faker\\Documents\\py\\laravel-master\\vendor\\laravel\\framework\\src\\Illuminate\\Foundation\\Application.php(926): Illuminate\\Container\\Container->call()
#19 C:\\Users\\faker\\Documents\\py\\laravel-master\\vendor\\laravel\\framework\\src\\Illuminate\\Foundation\\Application.php(907): Illuminate\\Foundation\\Application->bootProvider()
#20 [internal function]: Illuminate\\Foundation\\Application->{closure:Illuminate\\Foundation\\Application::boot():906}()
#21 C:\\Users\\faker\\Documents\\py\\laravel-master\\vendor\\laravel\\framework\\src\\Illuminate\\Foundation\\Application.php(906): array_walk()
#22 C:\\Users\\faker\\Documents\\py\\laravel-master\\vendor\\laravel\\framework\\src\\Illuminate\\Foundation\\Bootstrap\\BootProviders.php(17): Illuminate\\Foundation\\Application->boot()
#23 C:\\Users\\faker\\Documents\\py\\laravel-master\\vendor\\laravel\\framework\\src\\Illuminate\\Foundation\\Application.php(237): Illuminate\\Foundation\\Bootstrap\\BootProviders->bootstrap()
#24 C:\\Users\\faker\\Documents\\py\\laravel-master\\vendor\\laravel\\framework\\src\\Illuminate\\Foundation\\Console\\Kernel.php(310): Illuminate\\Foundation\\Application->bootstrapWith()
#25 C:\\Users\\faker\\Documents\\py\\laravel-master\\vendor\\laravel\\framework\\src\\Illuminate\\Foundation\\Console\\Kernel.php(127): Illuminate\\Foundation\\Console\\Kernel->bootstrap()
#26 C:\\Users\\faker\\Documents\\py\\laravel-master\\artisan(35): Illuminate\\Foundation\\Console\\Kernel->handle()
#27 {main}
"} 
[2025-09-22 21:44:31] local.ERROR: Please provide a valid cache path. {"exception":"[object] (InvalidArgumentException(code: 0): Please provide a valid cache path. at C:\\Users\\faker\\Documents\\py\\laravel-master\\vendor\\laravel\\framework\\src\\Illuminate\\View\\Compilers\\Compiler.php:36)
[stacktrace]
#0 C:\\Users\\faker\\Documents\\py\\laravel-master\\vendor\\laravel\\framework\\src\\Illuminate\\View\\ViewServiceProvider.php(88): Illuminate\\View\\Compilers\\Compiler->__construct()
#1 C:\\Users\\faker\\Documents\\py\\laravel-master\\vendor\\laravel\\framework\\src\\Illuminate\\Container\\Container.php(873): Illuminate\\View\\ViewServiceProvider->{closure:Illuminate\\View\\ViewServiceProvider::registerBladeCompiler():87}()
#2 C:\\Users\\faker\\Documents\\py\\laravel-master\\vendor\\laravel\\framework\\src\\Illuminate\\Container\\Container.php(758): Illuminate\\Container\\Container->build()
#3 C:\\Users\\faker\\Documents\\py\\laravel-master\\vendor\\laravel\\framework\\src\\Illuminate\\Foundation\\Application.php(853): Illuminate\\Container\\Container->resolve()
#4 C:\\Users\\faker\\Documents\\py\\laravel-master\\vendor\\laravel\\framework\\src\\Illuminate\\Container\\Container.php(694): Illuminate\\Foundation\\Application->resolve()
#5 C:\\Users\\faker\\Documents\\py\\laravel-master\\vendor\\laravel\\framework\\src\\Illuminate\\Foundation\\Application.php(838): Illuminate\\Container\\Container->make()
#6 C:\\Users\\faker\\Documents\\py\\laravel-master\\vendor\\laravel\\framework\\src\\Illuminate\\Container\\Container.php(1419): Illuminate\\Foundation\\Application->make()
#7 C:\\Users\\faker\\Documents\\py\\laravel-master\\vendor\\laravel\\framework\\src\\Illuminate\\View\\ViewServiceProvider.php(150): Illuminate\\Container\\Container->offsetGet()
#8 [internal function]: Illuminate\\View\\ViewServiceProvider->{closure:Illuminate\\View\\ViewServiceProvider::registerBladeEngine():149}()
#9 C:\\Users\\faker\\Documents\\py\\laravel-master\\vendor\\laravel\\framework\\src\\Illuminate\\View\\Engines\\EngineResolver.php(55): call_user_func()
#10 C:\\Users\\faker\\Documents\\py\\laravel-master\\vendor\\facade\\ignition\\src\\IgnitionServiceProvider.php(467): Illuminate\\View\\Engines\\EngineResolver->resolve()
#11 C:\\Users\\faker\\Documents\\py\\laravel-master\\vendor\\facade\\ignition\\src\\IgnitionServiceProvider.php(158): Facade\\Ignition\\IgnitionServiceProvider->hasCustomViewEnginesRegistered()
#12 C:\\Users\\faker\\Documents\\py\\laravel-master\\vendor\\facade\\ignition\\src\\IgnitionServiceProvider.php(101): Facade\\Ignition\\IgnitionServiceProvider->registerViewEngines()
#13 C:\\Users\\faker\\Documents\\py\\laravel-master\\vendor\\laravel\\framework\\src\\Illuminate\\Container\\BoundMethod.php(36): Facade\\Ignition\\IgnitionServiceProvider->boot()
#14 C:\\Users\\faker\\Documents\\py\\laravel-master\\vendor\\laravel\\framework\\src\\Illuminate\\Container\\Util.php(40): Illuminate\\Container\\BoundMethod::{closure:Illuminate\\Container\\BoundMethod::call():35}()
#15 C:\\Users\\faker\\Documents\\py\\laravel-master\\vendor\\laravel\\framework\\src\\Illuminate\\Container\\BoundMethod.php(93): Illuminate\\Container\\Util::unwrapIfClosure()
#16 C:\\Users\\faker\\Documents\\py\\laravel-master\\vendor\\laravel\\framework\\src\\Illuminate\\Container\\BoundMethod.php(35): Illuminate\\Container\\BoundMethod::callBoundMethod()
#17 C:\\Users\\faker\\Documents\\py\\laravel-master\\vendor\\laravel\\framework\\src\\Illuminate\\Container\\Container.php(653): Illuminate\\Container\\BoundMethod::call()
#18 C:\\Users\\faker\\Documents\\py\\laravel-master\\vendor\\laravel\\framework\\src\\Illuminate\\Foundation\\Application.php(926): Illuminate\\Container\\Container->call()
#19 C:\\Users\\faker\\Documents\\py\\laravel-master\\vendor\\laravel\\framework\\src\\Illuminate\\Foundation\\Application.php(907): Illuminate\\Foundation\\Application->bootProvider()
#20 [internal function]: Illuminate\\Foundation\\Application->{closure:Illuminate\\Foundation\\Application::boot():906}()
#21 C:\\Users\\faker\\Documents\\py\\laravel-master\\vendor\\laravel\\framework\\src\\Illuminate\\Foundation\\Application.php(906): array_walk()
#22 C:\\Users\\faker\\Documents\\py\\laravel-master\\vendor\\laravel\\framework\\src\\Illuminate\\Foundation\\Bootstrap\\BootProviders.php(17): Illuminate\\Foundation\\Application->boot()
#23 C:\\Users\\faker\\Documents\\py\\laravel-master\\vendor\\laravel\\framework\\src\\Illuminate\\Foundation\\Application.php(237): Illuminate\\Foundation\\Bootstrap\\BootProviders->bootstrap()
#24 C:\\Users\\faker\\Documents\\py\\laravel-master\\vendor\\laravel\\framework\\src\\Illuminate\\Foundation\\Console\\Kernel.php(310): Illuminate\\Foundation\\Application->bootstrapWith()
#25 C:\\Users\\faker\\Documents\\py\\laravel-master\\vendor\\laravel\\framework\\src\\Illuminate\\Foundation\\Console\\Kernel.php(127): Illuminate\\Foundation\\Console\\Kernel->bootstrap()
#26 C:\\Users\\faker\\Documents\\py\\laravel-master\\artisan(35): Illuminate\\Foundation\\Console\\Kernel->handle()
#27 {main}
"} 
[2025-09-22 21:51:05] local.ERROR: Command "server" is not defined.

Did you mean one of these?
    make:observer
    serve {"exception":"[object] (Symfony\\Component\\Console\\Exception\\CommandNotFoundException(code: 0): Command \"server\" is not defined.

Did you mean one of these?
    make:observer
    serve at C:\\Users\\faker\\Documents\\py\\laravel-master\\vendor\\symfony\\console\\Application.php:720)
[stacktrace]
#0 C:\\Users\\faker\\Documents\\py\\laravel-master\\vendor\\symfony\\console\\Application.php(259): Symfony\\Component\\Console\\Application->find()
#1 C:\\Users\\faker\\Documents\\py\\laravel-master\\vendor\\symfony\\console\\Application.php(171): Symfony\\Component\\Console\\Application->doRun()
#2 C:\\Users\\faker\\Documents\\py\\laravel-master\\vendor\\laravel\\framework\\src\\Illuminate\\Console\\Application.php(94): Symfony\\Component\\Console\\Application->run()
#3 C:\\Users\\faker\\Documents\\py\\laravel-master\\vendor\\laravel\\framework\\src\\Illuminate\\Foundation\\Console\\Kernel.php(129): Illuminate\\Console\\Application->run()
#4 C:\\Users\\faker\\Documents\\py\\laravel-master\\artisan(35): Illuminate\\Foundation\\Console\\Kernel->handle()
#5 {main}
"} 
[2025-09-22 21:51:59] local.ERROR: Not enough arguments (missing: "name"). {"exception":"[object] (Symfony\\Component\\Console\\Exception\\RuntimeException(code: 0): Not enough arguments (missing: \"name\"). at C:\\Users\\faker\\Documents\\py\\laravel-master\\vendor\\symfony\\console\\Input\\Input.php:76)
[stacktrace]
#0 C:\\Users\\faker\\Documents\\py\\laravel-master\\vendor\\symfony\\console\\Command\\Command.php(293): Symfony\\Component\\Console\\Input\\Input->validate()
#1 C:\\Users\\faker\\Documents\\py\\laravel-master\\vendor\\laravel\\framework\\src\\Illuminate\\Console\\Command.php(120): Symfony\\Component\\Console\\Command\\Command->run()
#2 C:\\Users\\faker\\Documents\\py\\laravel-master\\vendor\\symfony\\console\\Application.php(1040): Illuminate\\Console\\Command->run()
#3 C:\\Users\\faker\\Documents\\py\\laravel-master\\vendor\\symfony\\console\\Application.php(301): Symfony\\Component\\Console\\Application->doRunCommand()
#4 C:\\Users\\faker\\Documents\\py\\laravel-master\\vendor\\symfony\\console\\Application.php(171): Symfony\\Component\\Console\\Application->doRun()
#5 C:\\Users\\faker\\Documents\\py\\laravel-master\\vendor\\laravel\\framework\\src\\Illuminate\\Console\\Application.php(94): Symfony\\Component\\Console\\Application->run()
#6 C:\\Users\\faker\\Documents\\py\\laravel-master\\vendor\\laravel\\framework\\src\\Illuminate\\Foundation\\Console\\Kernel.php(129): Illuminate\\Console\\Application->run()
#7 C:\\Users\\faker\\Documents\\py\\laravel-master\\artisan(35): Illuminate\\Foundation\\Console\\Kernel->handle()
#8 {main}
"} 
[2025-09-22 21:52:10] local.ERROR: Command "migrate:seeder" is not defined.

Did you mean one of these?
    db:seed
    make:seeder
    migrate
    migrate:fresh
    migrate:install
    migrate:refresh
    migrate:reset
    migrate:rollback
    migrate:status
    module:seed {"exception":"[object] (Symfony\\Component\\Console\\Exception\\CommandNotFoundException(code: 0): Command \"migrate:seeder\" is not defined.

Did you mean one of these?
    db:seed
    make:seeder
    migrate
    migrate:fresh
    migrate:install
    migrate:refresh
    migrate:reset
    migrate:rollback
    migrate:status
    module:seed at C:\\Users\\faker\\Documents\\py\\laravel-master\\vendor\\symfony\\console\\Application.php:720)
[stacktrace]
#0 C:\\Users\\faker\\Documents\\py\\laravel-master\\vendor\\symfony\\console\\Application.php(259): Symfony\\Component\\Console\\Application->find()
#1 C:\\Users\\faker\\Documents\\py\\laravel-master\\vendor\\symfony\\console\\Application.php(171): Symfony\\Component\\Console\\Application->doRun()
#2 C:\\Users\\faker\\Documents\\py\\laravel-master\\vendor\\laravel\\framework\\src\\Illuminate\\Console\\Application.php(94): Symfony\\Component\\Console\\Application->run()
#3 C:\\Users\\faker\\Documents\\py\\laravel-master\\vendor\\laravel\\framework\\src\\Illuminate\\Foundation\\Console\\Kernel.php(129): Illuminate\\Console\\Application->run()
#4 C:\\Users\\faker\\Documents\\py\\laravel-master\\artisan(35): Illuminate\\Foundation\\Console\\Kernel->handle()
#5 {main}
"} 
[2025-09-22 21:52:16] local.ERROR: Command "migrate:seed" is not defined.

Did you mean one of these?
    db:seed
    make:seeder
    migrate
    migrate:fresh
    migrate:install
    migrate:refresh
    migrate:reset
    migrate:rollback
    migrate:status
    module:make-seed
    module:seed {"exception":"[object] (Symfony\\Component\\Console\\Exception\\CommandNotFoundException(code: 0): Command \"migrate:seed\" is not defined.

Did you mean one of these?
    db:seed
    make:seeder
    migrate
    migrate:fresh
    migrate:install
    migrate:refresh
    migrate:reset
    migrate:rollback
    migrate:status
    module:make-seed
    module:seed at C:\\Users\\faker\\Documents\\py\\laravel-master\\vendor\\symfony\\console\\Application.php:720)
[stacktrace]
#0 C:\\Users\\faker\\Documents\\py\\laravel-master\\vendor\\symfony\\console\\Application.php(259): Symfony\\Component\\Console\\Application->find()
#1 C:\\Users\\faker\\Documents\\py\\laravel-master\\vendor\\symfony\\console\\Application.php(171): Symfony\\Component\\Console\\Application->doRun()
#2 C:\\Users\\faker\\Documents\\py\\laravel-master\\vendor\\laravel\\framework\\src\\Illuminate\\Console\\Application.php(94): Symfony\\Component\\Console\\Application->run()
#3 C:\\Users\\faker\\Documents\\py\\laravel-master\\vendor\\laravel\\framework\\src\\Illuminate\\Foundation\\Console\\Kernel.php(129): Illuminate\\Console\\Application->run()
#4 C:\\Users\\faker\\Documents\\py\\laravel-master\\artisan(35): Illuminate\\Foundation\\Console\\Kernel->handle()
#5 {main}
"} 
[2025-09-22 21:52:28] local.ERROR: Command "db:seeder" is not defined.

Did you mean one of these?
    db
    db:seed
    db:wipe
    make:seeder
    module:seed {"exception":"[object] (Symfony\\Component\\Console\\Exception\\CommandNotFoundException(code: 0): Command \"db:seeder\" is not defined.

Did you mean one of these?
    db
    db:seed
    db:wipe
    make:seeder
    module:seed at C:\\Users\\faker\\Documents\\py\\laravel-master\\vendor\\symfony\\console\\Application.php:720)
[stacktrace]
#0 C:\\Users\\faker\\Documents\\py\\laravel-master\\vendor\\symfony\\console\\Application.php(259): Symfony\\Component\\Console\\Application->find()
#1 C:\\Users\\faker\\Documents\\py\\laravel-master\\vendor\\symfony\\console\\Application.php(171): Symfony\\Component\\Console\\Application->doRun()
#2 C:\\Users\\faker\\Documents\\py\\laravel-master\\vendor\\laravel\\framework\\src\\Illuminate\\Console\\Application.php(94): Symfony\\Component\\Console\\Application->run()
#3 C:\\Users\\faker\\Documents\\py\\laravel-master\\vendor\\laravel\\framework\\src\\Illuminate\\Foundation\\Console\\Kernel.php(129): Illuminate\\Console\\Application->run()
#4 C:\\Users\\faker\\Documents\\py\\laravel-master\\artisan(35): Illuminate\\Foundation\\Console\\Kernel->handle()
#5 {main}
"} 
